c:\users\cosmin\google drive\info an 1 2017-2018\semestrul 2\poo\settemplate\settemplate\debug\settemplate.pch
c:\users\cosmin\google drive\info an 1 2017-2018\semestrul 2\poo\settemplate\settemplate\debug\vc141.pdb
c:\users\cosmin\google drive\info an 1 2017-2018\semestrul 2\poo\settemplate\settemplate\debug\vc141.idb
c:\users\cosmin\google drive\info an 1 2017-2018\semestrul 2\poo\settemplate\settemplate\debug\stdafx.obj
c:\users\cosmin\google drive\info an 1 2017-2018\semestrul 2\poo\settemplate\settemplate\debug\settemplate.obj
c:\users\cosmin\google drive\info an 1 2017-2018\semestrul 2\poo\settemplate\settemplate\debug\set.obj
c:\users\cosmin\google drive\info an 1 2017-2018\semestrul 2\poo\settemplate\debug\settemplate.pdb
c:\users\cosmin\google drive\info an 1 2017-2018\semestrul 2\poo\settemplate\settemplate\debug\settemplate.tlog\cl.command.1.tlog
c:\users\cosmin\google drive\info an 1 2017-2018\semestrul 2\poo\settemplate\settemplate\debug\settemplate.tlog\cl.read.1.tlog
c:\users\cosmin\google drive\info an 1 2017-2018\semestrul 2\poo\settemplate\settemplate\debug\settemplate.tlog\cl.write.1.tlog
c:\users\cosmin\google drive\info an 1 2017-2018\semestrul 2\poo\settemplate\settemplate\debug\settemplate.tlog\link-cvtres.read.1.tlog
c:\users\cosmin\google drive\info an 1 2017-2018\semestrul 2\poo\settemplate\settemplate\debug\settemplate.tlog\link-cvtres.write.1.tlog
c:\users\cosmin\google drive\info an 1 2017-2018\semestrul 2\poo\settemplate\settemplate\debug\settemplate.tlog\link-rc.read.1.tlog
c:\users\cosmin\google drive\info an 1 2017-2018\semestrul 2\poo\settemplate\settemplate\debug\settemplate.tlog\link-rc.write.1.tlog
c:\users\cosmin\google drive\info an 1 2017-2018\semestrul 2\poo\settemplate\settemplate\debug\settemplate.tlog\link.11652-cvtres.read.1.tlog
c:\users\cosmin\google drive\info an 1 2017-2018\semestrul 2\poo\settemplate\settemplate\debug\settemplate.tlog\link.11652-cvtres.write.1.tlog
c:\users\cosmin\google drive\info an 1 2017-2018\semestrul 2\poo\settemplate\settemplate\debug\settemplate.tlog\link.11652-rc.read.1.tlog
c:\users\cosmin\google drive\info an 1 2017-2018\semestrul 2\poo\settemplate\settemplate\debug\settemplate.tlog\link.11652-rc.write.1.tlog
c:\users\cosmin\google drive\info an 1 2017-2018\semestrul 2\poo\settemplate\settemplate\debug\settemplate.tlog\link.11652.read.1.tlog
c:\users\cosmin\google drive\info an 1 2017-2018\semestrul 2\poo\settemplate\settemplate\debug\settemplate.tlog\link.11652.write.1.tlog
c:\users\cosmin\google drive\info an 1 2017-2018\semestrul 2\poo\settemplate\settemplate\debug\settemplate.tlog\link.command.1.tlog
c:\users\cosmin\google drive\info an 1 2017-2018\semestrul 2\poo\settemplate\settemplate\debug\settemplate.tlog\link.read.1.tlog
c:\users\cosmin\google drive\info an 1 2017-2018\semestrul 2\poo\settemplate\settemplate\debug\settemplate.tlog\link.write.1.tlog
